<?xml version="1.0" encoding="UTF-8"?>
<!-- Generated by org.testng.reporters.JUnitReportReporter -->
<testsuite hostname="DESKTOP-2VN6A15" failures="0" tests="8" name="day2.PositiveConcactListTest" time="5.438" errors="0" timestamp="08 Oct 2021 11:44:06 GMT" skipped="5">
  <testcase classname="day2.PositiveConcactListTest" name="addingContact" time="3.878"/>
  <testcase classname="day2.PositiveConcactListTest" name="updatingContact" time="0.544"/>
  <testcase classname="day2.PositiveConcactListTest" name="getSpecificContact3" time="1.016"/>
  <testcase classname="day2.PositiveConcactListTest" name="getContactListInfo">
    <skipped/>
  </testcase> <!-- getContactListInfo -->
  <testcase classname="day2.PositiveConcactListTest" name="deletingContact">
    <skipped/>
  </testcase> <!-- deletingContact -->
  <testcase classname="day2.PositiveConcactListTest" name="getSpecificContact2">
    <skipped/>
  </testcase> <!-- getSpecificContact2 -->
  <testcase classname="day2.PositiveConcactListTest" name="getSpecificContact4">
    <skipped/>
  </testcase> <!-- getSpecificContact4 -->
  <testcase classname="day2.PositiveConcactListTest" name="getSpecificContact">
    <skipped/>
  </testcase> <!-- getSpecificContact -->
</testsuite> <!-- day2.PositiveConcactListTest -->
