<?xml version="1.0" encoding="UTF-8"?>
<!-- Generated by org.testng.reporters.JUnitReportReporter -->
<testsuite hostname="DESKTOP-2VN6A15" failures="0" tests="5" name="day2.NegativeContactListType" time="4.278" errors="0" timestamp="08 Oct 2021 07:23:11 GMT" skipped="3">
  <testcase classname="day2.NegativeContactListType" name="addingContactImproperFormat" time="3.613"/>
  <testcase classname="day2.NegativeContactListType" name="addingContactInvalidCharacter" time="0.665"/>
  <testcase classname="day2.NegativeContactListType" name="recordNotFound">
    <skipped/>
  </testcase> <!-- recordNotFound -->
  <testcase classname="day2.NegativeContactListType" name="addingContactBigSize">
    <skipped/>
  </testcase> <!-- addingContactBigSize -->
  <testcase classname="day2.NegativeContactListType" name="addingContactMissingParameter">
    <skipped/>
  </testcase> <!-- addingContactMissingParameter -->
</testsuite> <!-- day2.NegativeContactListType -->
